This file contains any messages produced by compilers while
running configure, to aid debugging if configure makes a mistake.

It was created by FULL-PACKAGE-NAME configure VERSION, which was
generated by GNU Autoconf 2.69.  Invocation command line was

  $ ./configure 

## --------- ##
## Platform. ##
## --------- ##

hostname = mickey
uname -m = x86_64
uname -r = 4.9.0-5-amd64
uname -s = Linux
uname -v = #1 SMP Debian 4.9.65-3+deb9u2 (2018-01-04)

/usr/bin/uname -p = unknown
/bin/uname -X     = unknown

/bin/arch              = unknown
/usr/bin/arch -k       = unknown
/usr/convex/getsysinfo = unknown
/usr/bin/hostinfo      = unknown
/bin/machine           = unknown
/usr/bin/oslevel       = unknown
/bin/universe          = unknown

PATH: /home/jbassett/Program_files/inotify_tools/bin
PATH: /home/jbassett/anaconda2/bin
PATH: /usr/mlocal/bin
PATH: /usr/glocal/bin
PATH: /usr/local/bin
PATH: /usr/bin
PATH: /bin
PATH: /usr/local/games
PATH: /usr/games


## ----------- ##
## Core tests. ##
## ----------- ##

configure:2299: checking for a BSD-compatible install
configure:2367: result: /usr/bin/install -c
configure:2378: checking whether build environment is sane
configure:2433: result: yes
configure:2584: checking for a thread-safe mkdir -p
configure:2623: result: /bin/mkdir -p
configure:2630: checking for gawk
configure:2646: found /usr/bin/gawk
configure:2657: result: gawk
configure:2668: checking whether make sets $(MAKE)
configure:2690: result: yes
configure:2719: checking whether make supports nested variables
configure:2736: result: yes
configure:2925: checking for g++
configure:2941: found /usr/bin/g++
configure:2952: result: g++
configure:2979: checking for C++ compiler version
configure:2988: g++ --version >&5
g++ (Debian 6.3.0-18) 6.3.0 20170516
Copyright (C) 2016 Free Software Foundation, Inc.
This is free software; see the source for copying conditions.  There is NO
warranty; not even for MERCHANTABILITY or FITNESS FOR A PARTICULAR PURPOSE.

configure:2999: $? = 0
configure:2988: g++ -v >&5
Using built-in specs.
COLLECT_GCC=g++
COLLECT_LTO_WRAPPER=/usr/lib/gcc/x86_64-linux-gnu/6/lto-wrapper
Target: x86_64-linux-gnu
Configured with: ../src/configure -v --with-pkgversion='Debian 6.3.0-18' --with-bugurl=file:///usr/share/doc/gcc-6/README.Bugs --enable-languages=c,ada,c++,java,go,d,fortran,objc,obj-c++ --prefix=/usr --program-suffix=-6 --program-prefix=x86_64-linux-gnu- --enable-shared --enable-linker-build-id --libexecdir=/usr/lib --without-included-gettext --enable-threads=posix --libdir=/usr/lib --enable-nls --with-sysroot=/ --enable-clocale=gnu --enable-libstdcxx-debug --enable-libstdcxx-time=yes --with-default-libstdcxx-abi=new --enable-gnu-unique-object --disable-vtable-verify --enable-libmpx --enable-plugin --enable-default-pie --with-system-zlib --disable-browser-plugin --enable-java-awt=gtk --enable-gtk-cairo --with-java-home=/usr/lib/jvm/java-1.5.0-gcj-6-amd64/jre --enable-java-home --with-jvm-root-dir=/usr/lib/jvm/java-1.5.0-gcj-6-amd64 --with-jvm-jar-dir=/usr/lib/jvm-exports/java-1.5.0-gcj-6-amd64 --with-arch-directory=amd64 --with-ecj-jar=/usr/share/java/eclipse-ecj.jar --with-target-system-zlib --enable-objc-gc=auto --enable-multiarch --with-arch-32=i686 --with-abi=m64 --with-multilib-list=m32,m64,mx32 --enable-multilib --with-tune=generic --enable-checking=release --build=x86_64-linux-gnu --host=x86_64-linux-gnu --target=x86_64-linux-gnu
Thread model: posix
gcc version 6.3.0 20170516 (Debian 6.3.0-18) 
configure:2999: $? = 0
configure:2988: g++ -V >&5
g++: error: unrecognized command line option '-V'
g++: fatal error: no input files
compilation terminated.
configure:2999: $? = 1
configure:2988: g++ -qversion >&5
g++: error: unrecognized command line option '-qversion'; did you mean '--version'?
g++: fatal error: no input files
compilation terminated.
configure:2999: $? = 1
configure:3019: checking whether the C++ compiler works
configure:3041: g++    conftest.cpp  >&5
configure:3045: $? = 0
configure:3093: result: yes
configure:3096: checking for C++ compiler default output file name
configure:3098: result: a.out
configure:3104: checking for suffix of executables
configure:3111: g++ -o conftest    conftest.cpp  >&5
configure:3115: $? = 0
configure:3137: result: 
configure:3159: checking whether we are cross compiling
configure:3167: g++ -o conftest    conftest.cpp  >&5
configure:3171: $? = 0
configure:3178: ./conftest
configure:3182: $? = 0
configure:3197: result: no
configure:3202: checking for suffix of object files
configure:3224: g++ -c   conftest.cpp >&5
configure:3228: $? = 0
configure:3249: result: o
configure:3253: checking whether we are using the GNU C++ compiler
configure:3272: g++ -c   conftest.cpp >&5
configure:3272: $? = 0
configure:3281: result: yes
configure:3290: checking whether g++ accepts -g
configure:3310: g++ -c -g  conftest.cpp >&5
configure:3310: $? = 0
configure:3351: result: yes
configure:3385: checking for style of include used by make
configure:3413: result: GNU
configure:3439: checking dependency style of g++
configure:3550: result: none
configure:3613: checking for gcc
configure:3629: found /usr/bin/gcc
configure:3640: result: gcc
configure:3869: checking for C compiler version
configure:3878: gcc --version >&5
gcc (Debian 6.3.0-18) 6.3.0 20170516
Copyright (C) 2016 Free Software Foundation, Inc.
This is free software; see the source for copying conditions.  There is NO
warranty; not even for MERCHANTABILITY or FITNESS FOR A PARTICULAR PURPOSE.

configure:3889: $? = 0
configure:3878: gcc -v >&5
Using built-in specs.
COLLECT_GCC=gcc
COLLECT_LTO_WRAPPER=/usr/lib/gcc/x86_64-linux-gnu/6/lto-wrapper
Target: x86_64-linux-gnu
Configured with: ../src/configure -v --with-pkgversion='Debian 6.3.0-18' --with-bugurl=file:///usr/share/doc/gcc-6/README.Bugs --enable-languages=c,ada,c++,java,go,d,fortran,objc,obj-c++ --prefix=/usr --program-suffix=-6 --program-prefix=x86_64-linux-gnu- --enable-shared --enable-linker-build-id --libexecdir=/usr/lib --without-included-gettext --enable-threads=posix --libdir=/usr/lib --enable-nls --with-sysroot=/ --enable-clocale=gnu --enable-libstdcxx-debug --enable-libstdcxx-time=yes --with-default-libstdcxx-abi=new --enable-gnu-unique-object --disable-vtable-verify --enable-libmpx --enable-plugin --enable-default-pie --with-system-zlib --disable-browser-plugin --enable-java-awt=gtk --enable-gtk-cairo --with-java-home=/usr/lib/jvm/java-1.5.0-gcj-6-amd64/jre --enable-java-home --with-jvm-root-dir=/usr/lib/jvm/java-1.5.0-gcj-6-amd64 --with-jvm-jar-dir=/usr/lib/jvm-exports/java-1.5.0-gcj-6-amd64 --with-arch-directory=amd64 --with-ecj-jar=/usr/share/java/eclipse-ecj.jar --with-target-system-zlib --enable-objc-gc=auto --enable-multiarch --with-arch-32=i686 --with-abi=m64 --with-multilib-list=m32,m64,mx32 --enable-multilib --with-tune=generic --enable-checking=release --build=x86_64-linux-gnu --host=x86_64-linux-gnu --target=x86_64-linux-gnu
Thread model: posix
gcc version 6.3.0 20170516 (Debian 6.3.0-18) 
configure:3889: $? = 0
configure:3878: gcc -V >&5
gcc: error: unrecognized command line option '-V'
gcc: fatal error: no input files
compilation terminated.
configure:3889: $? = 1
configure:3878: gcc -qversion >&5
gcc: error: unrecognized command line option '-qversion'; did you mean '--version'?
gcc: fatal error: no input files
compilation terminated.
configure:3889: $? = 1
configure:3893: checking whether we are using the GNU C compiler
configure:3912: gcc -c   conftest.c >&5
configure:3912: $? = 0
configure:3921: result: yes
configure:3930: checking whether gcc accepts -g
configure:3950: gcc -c -g  conftest.c >&5
configure:3950: $? = 0
configure:3991: result: yes
configure:4008: checking for gcc option to accept ISO C89
configure:4071: gcc  -c -g -O2  conftest.c >&5
configure:4071: $? = 0
configure:4084: result: none needed
configure:4109: checking whether gcc understands -c and -o together
configure:4131: gcc -c conftest.c -o conftest2.o
configure:4134: $? = 0
configure:4131: gcc -c conftest.c -o conftest2.o
configure:4134: $? = 0
configure:4146: result: yes
configure:4165: checking dependency style of gcc
configure:4276: result: none
configure:4296: checking how to run the C preprocessor
configure:4327: gcc -E  conftest.c
configure:4327: $? = 0
configure:4341: gcc -E  conftest.c
conftest.c:11:28: fatal error: ac_nonexistent.h: No such file or directory
 #include <ac_nonexistent.h>
                            ^
compilation terminated.
configure:4341: $? = 1
configure: failed program was:
| /* confdefs.h */
| #define PACKAGE_NAME "FULL-PACKAGE-NAME"
| #define PACKAGE_TARNAME "full-package-name"
| #define PACKAGE_VERSION "VERSION"
| #define PACKAGE_STRING "FULL-PACKAGE-NAME VERSION"
| #define PACKAGE_BUGREPORT "BUG-REPORT-ADDRESS"
| #define PACKAGE_URL ""
| #define PACKAGE "full-package-name"
| #define VERSION "VERSION"
| /* end confdefs.h.  */
| #include <ac_nonexistent.h>
configure:4366: result: gcc -E
configure:4386: gcc -E  conftest.c
configure:4386: $? = 0
configure:4400: gcc -E  conftest.c
conftest.c:11:28: fatal error: ac_nonexistent.h: No such file or directory
 #include <ac_nonexistent.h>
                            ^
compilation terminated.
configure:4400: $? = 1
configure: failed program was:
| /* confdefs.h */
| #define PACKAGE_NAME "FULL-PACKAGE-NAME"
| #define PACKAGE_TARNAME "full-package-name"
| #define PACKAGE_VERSION "VERSION"
| #define PACKAGE_STRING "FULL-PACKAGE-NAME VERSION"
| #define PACKAGE_BUGREPORT "BUG-REPORT-ADDRESS"
| #define PACKAGE_URL ""
| #define PACKAGE "full-package-name"
| #define VERSION "VERSION"
| /* end confdefs.h.  */
| #include <ac_nonexistent.h>
configure:4432: checking for main in -lgsl
configure:4451: gcc -o conftest -g -O2   conftest.c -lgsl   >&5
/usr/lib/gcc/x86_64-linux-gnu/6/../../../x86_64-linux-gnu/libgsl.so: undefined reference to `cblas_ctrmv'
/usr/lib/gcc/x86_64-linux-gnu/6/../../../x86_64-linux-gnu/libgsl.so: undefined reference to `cblas_zswap'
/usr/lib/gcc/x86_64-linux-gnu/6/../../../x86_64-linux-gnu/libgsl.so: undefined reference to `cblas_zsymm'
/usr/lib/gcc/x86_64-linux-gnu/6/../../../x86_64-linux-gnu/libgsl.so: undefined reference to `cblas_cgeru'
/usr/lib/gcc/x86_64-linux-gnu/6/../../../x86_64-linux-gnu/libgsl.so: undefined reference to `cblas_sgemm'
/usr/lib/gcc/x86_64-linux-gnu/6/../../../x86_64-linux-gnu/libgsl.so: undefined reference to `cblas_ctrsv'
/usr/lib/gcc/x86_64-linux-gnu/6/../../../x86_64-linux-gnu/libgsl.so: undefined reference to `cblas_sgemv'
/usr/lib/gcc/x86_64-linux-gnu/6/../../../x86_64-linux-gnu/libgsl.so: undefined reference to `cblas_srotg'
/usr/lib/gcc/x86_64-linux-gnu/6/../../../x86_64-linux-gnu/libgsl.so: undefined reference to `cblas_zgemm'
/usr/lib/gcc/x86_64-linux-gnu/6/../../../x86_64-linux-gnu/libgsl.so: undefined reference to `cblas_cdotu_sub'
/usr/lib/gcc/x86_64-linux-gnu/6/../../../x86_64-linux-gnu/libgsl.so: undefined reference to `cblas_dznrm2'
/usr/lib/gcc/x86_64-linux-gnu/6/../../../x86_64-linux-gnu/libgsl.so: undefined reference to `cblas_ddot'
/usr/lib/gcc/x86_64-linux-gnu/6/../../../x86_64-linux-gnu/libgsl.so: undefined reference to `cblas_csymm'
/usr/lib/gcc/x86_64-linux-gnu/6/../../../x86_64-linux-gnu/libgsl.so: undefined reference to `cblas_cher2k'
/usr/lib/gcc/x86_64-linux-gnu/6/../../../x86_64-linux-gnu/libgsl.so: undefined reference to `cblas_zdotu_sub'
/usr/lib/gcc/x86_64-linux-gnu/6/../../../x86_64-linux-gnu/libgsl.so: undefined reference to `cblas_sdot'
/usr/lib/gcc/x86_64-linux-gnu/6/../../../x86_64-linux-gnu/libgsl.so: undefined reference to `cblas_sdsdot'
/usr/lib/gcc/x86_64-linux-gnu/6/../../../x86_64-linux-gnu/libgsl.so: undefined reference to `cblas_cgerc'
/usr/lib/gcc/x86_64-linux-gnu/6/../../../x86_64-linux-gnu/libgsl.so: undefined reference to `cblas_scnrm2'
/usr/lib/gcc/x86_64-linux-gnu/6/../../../x86_64-linux-gnu/libgsl.so: undefined reference to `cblas_ctrmm'
/usr/lib/gcc/x86_64-linux-gnu/6/../../../x86_64-linux-gnu/libgsl.so: undefined reference to `cblas_sscal'
/usr/lib/gcc/x86_64-linux-gnu/6/../../../x86_64-linux-gnu/libgsl.so: undefined reference to `cblas_strmm'
/usr/lib/gcc/x86_64-linux-gnu/6/../../../x86_64-linux-gnu/libgsl.so: undefined reference to `cblas_zcopy'
/usr/lib/gcc/x86_64-linux-gnu/6/../../../x86_64-linux-gnu/libgsl.so: undefined reference to `cblas_dsyrk'
/usr/lib/gcc/x86_64-linux-gnu/6/../../../x86_64-linux-gnu/libgsl.so: undefined reference to `cblas_cherk'
/usr/lib/gcc/x86_64-linux-gnu/6/../../../x86_64-linux-gnu/libgsl.so: undefined reference to `cblas_zherk'
/usr/lib/gcc/x86_64-linux-gnu/6/../../../x86_64-linux-gnu/libgsl.so: undefined reference to `cblas_zher'
/usr/lib/gcc/x86_64-linux-gnu/6/../../../x86_64-linux-gnu/libgsl.so: undefined reference to `cblas_ztrmv'
/usr/lib/gcc/x86_64-linux-gnu/6/../../../x86_64-linux-gnu/libgsl.so: undefined reference to `cblas_drotmg'
/usr/lib/gcc/x86_64-linux-gnu/6/../../../x86_64-linux-gnu/libgsl.so: undefined reference to `cblas_dswap'
/usr/lib/gcc/x86_64-linux-gnu/6/../../../x86_64-linux-gnu/libgsl.so: undefined reference to `cblas_scopy'
/usr/lib/gcc/x86_64-linux-gnu/6/../../../x86_64-linux-gnu/libgsl.so: undefined reference to `cblas_scasum'
/usr/lib/gcc/x86_64-linux-gnu/6/../../../x86_64-linux-gnu/libgsl.so: undefined reference to `cblas_zscal'
/usr/lib/gcc/x86_64-linux-gnu/6/../../../x86_64-linux-gnu/libgsl.so: undefined reference to `cblas_drotg'
/usr/lib/gcc/x86_64-linux-gnu/6/../../../x86_64-linux-gnu/libgsl.so: undefined reference to `cblas_zdotc_sub'
/usr/lib/gcc/x86_64-linux-gnu/6/../../../x86_64-linux-gnu/libgsl.so: undefined reference to `cblas_cscal'
/usr/lib/gcc/x86_64-linux-gnu/6/../../../x86_64-linux-gnu/libgsl.so: undefined reference to `cblas_caxpy'
/usr/lib/gcc/x86_64-linux-gnu/6/../../../x86_64-linux-gnu/libgsl.so: undefined reference to `cblas_zsyr2k'
/usr/lib/gcc/x86_64-linux-gnu/6/../../../x86_64-linux-gnu/libgsl.so: undefined reference to `cblas_ssyr2k'
/usr/lib/gcc/x86_64-linux-gnu/6/../../../x86_64-linux-gnu/libgsl.so: undefined reference to `cblas_csyr2k'
/usr/lib/gcc/x86_64-linux-gnu/6/../../../x86_64-linux-gnu/libgsl.so: undefined reference to `cblas_ztrsm'
/usr/lib/gcc/x86_64-linux-gnu/6/../../../x86_64-linux-gnu/libgsl.so: undefined reference to `cblas_ctrsm'
/usr/lib/gcc/x86_64-linux-gnu/6/../../../x86_64-linux-gnu/libgsl.so: undefined reference to `cblas_ssymm'
/usr/lib/gcc/x86_64-linux-gnu/6/../../../x86_64-linux-gnu/libgsl.so: undefined reference to `cblas_cdotc_sub'
/usr/lib/gcc/x86_64-linux-gnu/6/../../../x86_64-linux-gnu/libgsl.so: undefined reference to `cblas_zher2k'
/usr/lib/gcc/x86_64-linux-gnu/6/../../../x86_64-linux-gnu/libgsl.so: undefined reference to `cblas_saxpy'
/usr/lib/gcc/x86_64-linux-gnu/6/../../../x86_64-linux-gnu/libgsl.so: undefined reference to `cblas_idamax'
/usr/lib/gcc/x86_64-linux-gnu/6/../../../x86_64-linux-gnu/libgsl.so: undefined reference to `cblas_snrm2'
/usr/lib/gcc/x86_64-linux-gnu/6/../../../x86_64-linux-gnu/libgsl.so: undefined reference to `cblas_dsdot'
/usr/lib/gcc/x86_64-linux-gnu/6/../../../x86_64-linux-gnu/libgsl.so: undefined reference to `cblas_cher'
/usr/lib/gcc/x86_64-linux-gnu/6/../../../x86_64-linux-gnu/libgsl.so: undefined reference to `cblas_dger'
/usr/lib/gcc/x86_64-linux-gnu/6/../../../x86_64-linux-gnu/libgsl.so: undefined reference to `cblas_cher2'
/usr/lib/gcc/x86_64-linux-gnu/6/../../../x86_64-linux-gnu/libgsl.so: undefined reference to `cblas_dzasum'
/usr/lib/gcc/x86_64-linux-gnu/6/../../../x86_64-linux-gnu/libgsl.so: undefined reference to `cblas_dsyr2'
/usr/lib/gcc/x86_64-linux-gnu/6/../../../x86_64-linux-gnu/libgsl.so: undefined reference to `cblas_ssyrk'
/usr/lib/gcc/x86_64-linux-gnu/6/../../../x86_64-linux-gnu/libgsl.so: undefined reference to `cblas_strmv'
/usr/lib/gcc/x86_64-linux-gnu/6/../../../x86_64-linux-gnu/libgsl.so: undefined reference to `cblas_dgemv'
/usr/lib/gcc/x86_64-linux-gnu/6/../../../x86_64-linux-gnu/libgsl.so: undefined reference to `cblas_cgemm'
/usr/lib/gcc/x86_64-linux-gnu/6/../../../x86_64-linux-gnu/libgsl.so: undefined reference to `cblas_dasum'
/usr/lib/gcc/x86_64-linux-gnu/6/../../../x86_64-linux-gnu/libgsl.so: undefined reference to `cblas_dsymv'
/usr/lib/gcc/x86_64-linux-gnu/6/../../../x86_64-linux-gnu/libgsl.so: undefined reference to `cblas_srotm'
/usr/lib/gcc/x86_64-linux-gnu/6/../../../x86_64-linux-gnu/libgsl.so: undefined reference to `cblas_sswap'
/usr/lib/gcc/x86_64-linux-gnu/6/../../../x86_64-linux-gnu/libgsl.so: undefined reference to `cblas_dtrmv'
/usr/lib/gcc/x86_64-linux-gnu/6/../../../x86_64-linux-gnu/libgsl.so: undefined reference to `cblas_isamax'
/usr/lib/gcc/x86_64-linux-gnu/6/../../../x86_64-linux-gnu/libgsl.so: undefined reference to `cblas_zhemv'
/usr/lib/gcc/x86_64-linux-gnu/6/../../../x86_64-linux-gnu/libgsl.so: undefined reference to `cblas_zaxpy'
/usr/lib/gcc/x86_64-linux-gnu/6/../../../x86_64-linux-gnu/libgsl.so: undefined reference to `cblas_dcopy'
/usr/lib/gcc/x86_64-linux-gnu/6/../../../x86_64-linux-gnu/libgsl.so: undefined reference to `cblas_sasum'
/usr/lib/gcc/x86_64-linux-gnu/6/../../../x86_64-linux-gnu/libgsl.so: undefined reference to `cblas_dsyr'
/usr/lib/gcc/x86_64-linux-gnu/6/../../../x86_64-linux-gnu/libgsl.so: undefined reference to `cblas_strsm'
/usr/lib/gcc/x86_64-linux-gnu/6/../../../x86_64-linux-gnu/libgsl.so: undefined reference to `cblas_drot'
/usr/lib/gcc/x86_64-linux-gnu/6/../../../x86_64-linux-gnu/libgsl.so: undefined reference to `cblas_ztrsv'
/usr/lib/gcc/x86_64-linux-gnu/6/../../../x86_64-linux-gnu/libgsl.so: undefined reference to `cblas_izamax'
/usr/lib/gcc/x86_64-linux-gnu/6/../../../x86_64-linux-gnu/libgsl.so: undefined reference to `cblas_ssymv'
/usr/lib/gcc/x86_64-linux-gnu/6/../../../x86_64-linux-gnu/libgsl.so: undefined reference to `cblas_chemm'
/usr/lib/gcc/x86_64-linux-gnu/6/../../../x86_64-linux-gnu/libgsl.so: undefined reference to `cblas_zgeru'
/usr/lib/gcc/x86_64-linux-gnu/6/../../../x86_64-linux-gnu/libgsl.so: undefined reference to `cblas_dtrsv'
/usr/lib/gcc/x86_64-linux-gnu/6/../../../x86_64-linux-gnu/libgsl.so: undefined reference to `cblas_sger'
/usr/lib/gcc/x86_64-linux-gnu/6/../../../x86_64-linux-gnu/libgsl.so: undefined reference to `cblas_srot'
/usr/lib/gcc/x86_64-linux-gnu/6/../../../x86_64-linux-gnu/libgsl.so: undefined reference to `cblas_dsymm'
/usr/lib/gcc/x86_64-linux-gnu/6/../../../x86_64-linux-gnu/libgsl.so: undefined reference to `cblas_ztrmm'
/usr/lib/gcc/x86_64-linux-gnu/6/../../../x86_64-linux-gnu/libgsl.so: undefined reference to `cblas_zdscal'
/usr/lib/gcc/x86_64-linux-gnu/6/../../../x86_64-linux-gnu/libgsl.so: undefined reference to `cblas_zher2'
/usr/lib/gcc/x86_64-linux-gnu/6/../../../x86_64-linux-gnu/libgsl.so: undefined reference to `cblas_ssyr'
/usr/lib/gcc/x86_64-linux-gnu/6/../../../x86_64-linux-gnu/libgsl.so: undefined reference to `cblas_dtrmm'
/usr/lib/gcc/x86_64-linux-gnu/6/../../../x86_64-linux-gnu/libgsl.so: undefined reference to `cblas_zgerc'
/usr/lib/gcc/x86_64-linux-gnu/6/../../../x86_64-linux-gnu/libgsl.so: undefined reference to `cblas_csscal'
/usr/lib/gcc/x86_64-linux-gnu/6/../../../x86_64-linux-gnu/libgsl.so: undefined reference to `cblas_dsyr2k'
/usr/lib/gcc/x86_64-linux-gnu/6/../../../x86_64-linux-gnu/libgsl.so: undefined reference to `cblas_chemv'
/usr/lib/gcc/x86_64-linux-gnu/6/../../../x86_64-linux-gnu/libgsl.so: undefined reference to `cblas_dnrm2'
/usr/lib/gcc/x86_64-linux-gnu/6/../../../x86_64-linux-gnu/libgsl.so: undefined reference to `cblas_drotm'
/usr/lib/gcc/x86_64-linux-gnu/6/../../../x86_64-linux-gnu/libgsl.so: undefined reference to `cblas_icamax'
/usr/lib/gcc/x86_64-linux-gnu/6/../../../x86_64-linux-gnu/libgsl.so: undefined reference to `cblas_zgemv'
/usr/lib/gcc/x86_64-linux-gnu/6/../../../x86_64-linux-gnu/libgsl.so: undefined reference to `cblas_zhemm'
/usr/lib/gcc/x86_64-linux-gnu/6/../../../x86_64-linux-gnu/libgsl.so: undefined reference to `cblas_cgemv'
/usr/lib/gcc/x86_64-linux-gnu/6/../../../x86_64-linux-gnu/libgsl.so: undefined reference to `cblas_ssyr2'
/usr/lib/gcc/x86_64-linux-gnu/6/../../../x86_64-linux-gnu/libgsl.so: undefined reference to `cblas_strsv'
/usr/lib/gcc/x86_64-linux-gnu/6/../../../x86_64-linux-gnu/libgsl.so: undefined reference to `cblas_dscal'
/usr/lib/gcc/x86_64-linux-gnu/6/../../../x86_64-linux-gnu/libgsl.so: undefined reference to `cblas_dgemm'
/usr/lib/gcc/x86_64-linux-gnu/6/../../../x86_64-linux-gnu/libgsl.so: undefined reference to `cblas_srotmg'
/usr/lib/gcc/x86_64-linux-gnu/6/../../../x86_64-linux-gnu/libgsl.so: undefined reference to `cblas_dtrsm'
/usr/lib/gcc/x86_64-linux-gnu/6/../../../x86_64-linux-gnu/libgsl.so: undefined reference to `cblas_ccopy'
/usr/lib/gcc/x86_64-linux-gnu/6/../../../x86_64-linux-gnu/libgsl.so: undefined reference to `cblas_zsyrk'
/usr/lib/gcc/x86_64-linux-gnu/6/../../../x86_64-linux-gnu/libgsl.so: undefined reference to `cblas_cswap'
/usr/lib/gcc/x86_64-linux-gnu/6/../../../x86_64-linux-gnu/libgsl.so: undefined reference to `cblas_daxpy'
/usr/lib/gcc/x86_64-linux-gnu/6/../../../x86_64-linux-gnu/libgsl.so: undefined reference to `cblas_csyrk'
collect2: error: ld returned 1 exit status
configure:4451: $? = 1
configure: failed program was:
| /* confdefs.h */
| #define PACKAGE_NAME "FULL-PACKAGE-NAME"
| #define PACKAGE_TARNAME "full-package-name"
| #define PACKAGE_VERSION "VERSION"
| #define PACKAGE_STRING "FULL-PACKAGE-NAME VERSION"
| #define PACKAGE_BUGREPORT "BUG-REPORT-ADDRESS"
| #define PACKAGE_URL ""
| #define PACKAGE "full-package-name"
| #define VERSION "VERSION"
| /* end confdefs.h.  */
| 
| 
| int
| main ()
| {
| return main ();
|   ;
|   return 0;
| }
configure:4460: result: no
configure:4472: checking for main in -lgslcblas
configure:4491: gcc -o conftest -g -O2   conftest.c -lgslcblas   >&5
configure:4491: $? = 0
configure:4500: result: yes
configure:4512: checking for main in -lhdf5
configure:4531: gcc -o conftest -g -O2   conftest.c -lhdf5  -lgslcblas  >&5
/usr/bin/ld: cannot find -lhdf5
collect2: error: ld returned 1 exit status
configure:4531: $? = 1
configure: failed program was:
| /* confdefs.h */
| #define PACKAGE_NAME "FULL-PACKAGE-NAME"
| #define PACKAGE_TARNAME "full-package-name"
| #define PACKAGE_VERSION "VERSION"
| #define PACKAGE_STRING "FULL-PACKAGE-NAME VERSION"
| #define PACKAGE_BUGREPORT "BUG-REPORT-ADDRESS"
| #define PACKAGE_URL ""
| #define PACKAGE "full-package-name"
| #define VERSION "VERSION"
| #define HAVE_LIBGSLCBLAS 1
| /* end confdefs.h.  */
| 
| 
| int
| main ()
| {
| return main ();
|   ;
|   return 0;
| }
configure:4540: result: no
configure:4552: checking for main in -lhdf5_hl
configure:4571: gcc -o conftest -g -O2   conftest.c -lhdf5_hl  -lgslcblas  >&5
/usr/bin/ld: cannot find -lhdf5_hl
collect2: error: ld returned 1 exit status
configure:4571: $? = 1
configure: failed program was:
| /* confdefs.h */
| #define PACKAGE_NAME "FULL-PACKAGE-NAME"
| #define PACKAGE_TARNAME "full-package-name"
| #define PACKAGE_VERSION "VERSION"
| #define PACKAGE_STRING "FULL-PACKAGE-NAME VERSION"
| #define PACKAGE_BUGREPORT "BUG-REPORT-ADDRESS"
| #define PACKAGE_URL ""
| #define PACKAGE "full-package-name"
| #define VERSION "VERSION"
| #define HAVE_LIBGSLCBLAS 1
| /* end confdefs.h.  */
| 
| 
| int
| main ()
| {
| return main ();
|   ;
|   return 0;
| }
configure:4580: result: no
configure:4592: checking for main in -lm
configure:4611: gcc -o conftest -g -O2   conftest.c -lm  -lgslcblas  >&5
configure:4611: $? = 0
configure:4620: result: yes
configure:4632: checking for main in -lsqlite3
configure:4651: gcc -o conftest -g -O2   conftest.c -lsqlite3  -lm -lgslcblas  >&5
configure:4651: $? = 0
configure:4660: result: yes
configure:4674: checking for grep that handles long lines and -e
configure:4732: result: /bin/grep
configure:4737: checking for egrep
configure:4799: result: /bin/grep -E
configure:4804: checking for ANSI C header files
configure:4824: gcc -c -g -O2  conftest.c >&5
configure:4824: $? = 0
configure:4897: gcc -o conftest -g -O2   conftest.c -lsqlite3 -lm -lgslcblas  >&5
configure:4897: $? = 0
configure:4897: ./conftest
configure:4897: $? = 0
configure:4908: result: yes
configure:4921: checking for sys/types.h
configure:4921: gcc -c -g -O2  conftest.c >&5
configure:4921: $? = 0
configure:4921: result: yes
configure:4921: checking for sys/stat.h
configure:4921: gcc -c -g -O2  conftest.c >&5
configure:4921: $? = 0
configure:4921: result: yes
configure:4921: checking for stdlib.h
configure:4921: gcc -c -g -O2  conftest.c >&5
configure:4921: $? = 0
configure:4921: result: yes
configure:4921: checking for string.h
configure:4921: gcc -c -g -O2  conftest.c >&5
configure:4921: $? = 0
configure:4921: result: yes
configure:4921: checking for memory.h
configure:4921: gcc -c -g -O2  conftest.c >&5
configure:4921: $? = 0
configure:4921: result: yes
configure:4921: checking for strings.h
configure:4921: gcc -c -g -O2  conftest.c >&5
configure:4921: $? = 0
configure:4921: result: yes
configure:4921: checking for inttypes.h
configure:4921: gcc -c -g -O2  conftest.c >&5
configure:4921: $? = 0
configure:4921: result: yes
configure:4921: checking for stdint.h
configure:4921: gcc -c -g -O2  conftest.c >&5
configure:4921: $? = 0
configure:4921: result: yes
configure:4921: checking for unistd.h
configure:4921: gcc -c -g -O2  conftest.c >&5
configure:4921: $? = 0
configure:4921: result: yes
configure:4935: checking for stdlib.h
configure:4935: result: yes
configure:4947: checking for stdbool.h that conforms to C99
configure:5014: gcc -c -g -O2  conftest.c >&5
configure:5014: $? = 0
configure:5021: result: yes
configure:5023: checking for _Bool
configure:5023: gcc -c -g -O2  conftest.c >&5
configure:5023: $? = 0
configure:5023: gcc -c -g -O2  conftest.c >&5
conftest.c: In function 'main':
conftest.c:61:20: error: expected expression before ')' token
 if (sizeof ((_Bool)))
                    ^
configure:5023: $? = 1
configure: failed program was:
| /* confdefs.h */
| #define PACKAGE_NAME "FULL-PACKAGE-NAME"
| #define PACKAGE_TARNAME "full-package-name"
| #define PACKAGE_VERSION "VERSION"
| #define PACKAGE_STRING "FULL-PACKAGE-NAME VERSION"
| #define PACKAGE_BUGREPORT "BUG-REPORT-ADDRESS"
| #define PACKAGE_URL ""
| #define PACKAGE "full-package-name"
| #define VERSION "VERSION"
| #define HAVE_LIBGSLCBLAS 1
| #define HAVE_LIBM 1
| #define HAVE_LIBSQLITE3 1
| #define STDC_HEADERS 1
| #define HAVE_SYS_TYPES_H 1
| #define HAVE_SYS_STAT_H 1
| #define HAVE_STDLIB_H 1
| #define HAVE_STRING_H 1
| #define HAVE_MEMORY_H 1
| #define HAVE_STRINGS_H 1
| #define HAVE_INTTYPES_H 1
| #define HAVE_STDINT_H 1
| #define HAVE_UNISTD_H 1
| #define HAVE_STDLIB_H 1
| /* end confdefs.h.  */
| #include <stdio.h>
| #ifdef HAVE_SYS_TYPES_H
| # include <sys/types.h>
| #endif
| #ifdef HAVE_SYS_STAT_H
| # include <sys/stat.h>
| #endif
| #ifdef STDC_HEADERS
| # include <stdlib.h>
| # include <stddef.h>
| #else
| # ifdef HAVE_STDLIB_H
| #  include <stdlib.h>
| # endif
| #endif
| #ifdef HAVE_STRING_H
| # if !defined STDC_HEADERS && defined HAVE_MEMORY_H
| #  include <memory.h>
| # endif
| # include <string.h>
| #endif
| #ifdef HAVE_STRINGS_H
| # include <strings.h>
| #endif
| #ifdef HAVE_INTTYPES_H
| # include <inttypes.h>
| #endif
| #ifdef HAVE_STDINT_H
| # include <stdint.h>
| #endif
| #ifdef HAVE_UNISTD_H
| # include <unistd.h>
| #endif
| int
| main ()
| {
| if (sizeof ((_Bool)))
| 	    return 0;
|   ;
|   return 0;
| }
configure:5023: result: yes
configure:5034: checking for inline
configure:5050: gcc -c -g -O2  conftest.c >&5
configure:5050: $? = 0
configure:5058: result: inline
configure:5076: checking for size_t
configure:5076: gcc -c -g -O2  conftest.c >&5
configure:5076: $? = 0
configure:5076: gcc -c -g -O2  conftest.c >&5
conftest.c: In function 'main':
conftest.c:62:21: error: expected expression before ')' token
 if (sizeof ((size_t)))
                     ^
configure:5076: $? = 1
configure: failed program was:
| /* confdefs.h */
| #define PACKAGE_NAME "FULL-PACKAGE-NAME"
| #define PACKAGE_TARNAME "full-package-name"
| #define PACKAGE_VERSION "VERSION"
| #define PACKAGE_STRING "FULL-PACKAGE-NAME VERSION"
| #define PACKAGE_BUGREPORT "BUG-REPORT-ADDRESS"
| #define PACKAGE_URL ""
| #define PACKAGE "full-package-name"
| #define VERSION "VERSION"
| #define HAVE_LIBGSLCBLAS 1
| #define HAVE_LIBM 1
| #define HAVE_LIBSQLITE3 1
| #define STDC_HEADERS 1
| #define HAVE_SYS_TYPES_H 1
| #define HAVE_SYS_STAT_H 1
| #define HAVE_STDLIB_H 1
| #define HAVE_STRING_H 1
| #define HAVE_MEMORY_H 1
| #define HAVE_STRINGS_H 1
| #define HAVE_INTTYPES_H 1
| #define HAVE_STDINT_H 1
| #define HAVE_UNISTD_H 1
| #define HAVE_STDLIB_H 1
| #define HAVE__BOOL 1
| /* end confdefs.h.  */
| #include <stdio.h>
| #ifdef HAVE_SYS_TYPES_H
| # include <sys/types.h>
| #endif
| #ifdef HAVE_SYS_STAT_H
| # include <sys/stat.h>
| #endif
| #ifdef STDC_HEADERS
| # include <stdlib.h>
| # include <stddef.h>
| #else
| # ifdef HAVE_STDLIB_H
| #  include <stdlib.h>
| # endif
| #endif
| #ifdef HAVE_STRING_H
| # if !defined STDC_HEADERS && defined HAVE_MEMORY_H
| #  include <memory.h>
| # endif
| # include <string.h>
| #endif
| #ifdef HAVE_STRINGS_H
| # include <strings.h>
| #endif
| #ifdef HAVE_INTTYPES_H
| # include <inttypes.h>
| #endif
| #ifdef HAVE_STDINT_H
| # include <stdint.h>
| #endif
| #ifdef HAVE_UNISTD_H
| # include <unistd.h>
| #endif
| int
| main ()
| {
| if (sizeof ((size_t)))
| 	    return 0;
|   ;
|   return 0;
| }
configure:5076: result: yes
configure:5091: checking for stdlib.h
configure:5091: result: yes
configure:5101: checking for GNU libc compatible malloc
configure:5125: gcc -o conftest -g -O2   conftest.c -lsqlite3 -lm -lgslcblas  >&5
configure:5125: $? = 0
configure:5125: ./conftest
configure:5125: $? = 0
configure:5135: result: yes
configure:5159: checking for pow
configure:5159: gcc -o conftest -g -O2   conftest.c -lsqlite3 -lm -lgslcblas  >&5
conftest.c:51:6: warning: conflicting types for built-in function 'pow'
 char pow ();
      ^~~
configure:5159: $? = 0
configure:5159: result: yes
configure:5159: checking for sqrt
configure:5159: gcc -o conftest -g -O2   conftest.c -lsqlite3 -lm -lgslcblas  >&5
conftest.c:52:6: warning: conflicting types for built-in function 'sqrt'
 char sqrt ();
      ^~~~
configure:5159: $? = 0
configure:5159: result: yes
configure:5284: checking that generated files are newer than configure
configure:5290: result: done
configure:5317: creating ./config.status

## ---------------------- ##
## Running config.status. ##
## ---------------------- ##

This file was extended by FULL-PACKAGE-NAME config.status VERSION, which was
generated by GNU Autoconf 2.69.  Invocation command line was

  CONFIG_FILES    = 
  CONFIG_HEADERS  = 
  CONFIG_LINKS    = 
  CONFIG_COMMANDS = 
  $ ./config.status 

on mickey

config.status:868: creating Makefile
config.status:868: creating config.h
config.status:1049: config.h is unchanged
config.status:1097: executing depfiles commands
configure:6699: === configuring in projectImports/inih (/home/jbassett/bvd_agent_based_model_develop/projectImports/inih)
configure:6748: WARNING: no configuration information is in projectImports/inih

## ---------------- ##
## Cache variables. ##
## ---------------- ##

ac_cv_c_compiler_gnu=yes
ac_cv_c_inline=inline
ac_cv_cxx_compiler_gnu=yes
ac_cv_env_CCC_set=
ac_cv_env_CCC_value=
ac_cv_env_CC_set=
ac_cv_env_CC_value=
ac_cv_env_CFLAGS_set=
ac_cv_env_CFLAGS_value=
ac_cv_env_CPPFLAGS_set=
ac_cv_env_CPPFLAGS_value=
ac_cv_env_CPP_set=
ac_cv_env_CPP_value=
ac_cv_env_CXXFLAGS_set=
ac_cv_env_CXXFLAGS_value=
ac_cv_env_CXX_set=
ac_cv_env_CXX_value=
ac_cv_env_LDFLAGS_set=
ac_cv_env_LDFLAGS_value=
ac_cv_env_LIBS_set=
ac_cv_env_LIBS_value=
ac_cv_env_build_alias_set=
ac_cv_env_build_alias_value=
ac_cv_env_host_alias_set=
ac_cv_env_host_alias_value=
ac_cv_env_target_alias_set=
ac_cv_env_target_alias_value=
ac_cv_func_malloc_0_nonnull=yes
ac_cv_func_pow=yes
ac_cv_func_sqrt=yes
ac_cv_header_inttypes_h=yes
ac_cv_header_memory_h=yes
ac_cv_header_stdbool_h=yes
ac_cv_header_stdc=yes
ac_cv_header_stdint_h=yes
ac_cv_header_stdlib_h=yes
ac_cv_header_string_h=yes
ac_cv_header_strings_h=yes
ac_cv_header_sys_stat_h=yes
ac_cv_header_sys_types_h=yes
ac_cv_header_unistd_h=yes
ac_cv_lib_gsl_main=no
ac_cv_lib_gslcblas_main=yes
ac_cv_lib_hdf5_hl_main=no
ac_cv_lib_hdf5_main=no
ac_cv_lib_m_main=yes
ac_cv_lib_sqlite3_main=yes
ac_cv_objext=o
ac_cv_path_EGREP='/bin/grep -E'
ac_cv_path_GREP=/bin/grep
ac_cv_path_install='/usr/bin/install -c'
ac_cv_path_mkdir=/bin/mkdir
ac_cv_prog_AWK=gawk
ac_cv_prog_CPP='gcc -E'
ac_cv_prog_ac_ct_CC=gcc
ac_cv_prog_ac_ct_CXX=g++
ac_cv_prog_cc_c89=
ac_cv_prog_cc_g=yes
ac_cv_prog_cxx_g=yes
ac_cv_prog_make_make_set=yes
ac_cv_type__Bool=yes
ac_cv_type_size_t=yes
am_cv_CC_dependencies_compiler_type=none
am_cv_CXX_dependencies_compiler_type=none
am_cv_make_support_nested_variables=yes
am_cv_prog_cc_c_o=yes

## ----------------- ##
## Output variables. ##
## ----------------- ##

ACLOCAL='${SHELL} /home/jbassett/bvd_agent_based_model_develop/missing aclocal-1.15'
AMDEPBACKSLASH='\'
AMDEP_FALSE='#'
AMDEP_TRUE=''
AMTAR='$${TAR-tar}'
AM_BACKSLASH='\'
AM_DEFAULT_V='$(AM_DEFAULT_VERBOSITY)'
AM_DEFAULT_VERBOSITY='1'
AM_V='$(V)'
AUTOCONF='${SHELL} /home/jbassett/bvd_agent_based_model_develop/missing autoconf'
AUTOHEADER='${SHELL} /home/jbassett/bvd_agent_based_model_develop/missing autoheader'
AUTOMAKE='${SHELL} /home/jbassett/bvd_agent_based_model_develop/missing automake-1.15'
AWK='gawk'
CC='gcc'
CCDEPMODE='depmode=none'
CFLAGS='-g -O2'
CPP='gcc -E'
CPPFLAGS=''
CXX='g++'
CXXDEPMODE='depmode=none'
CXXFLAGS='-g -O2'
CYGPATH_W='echo'
DEFS='-DHAVE_CONFIG_H'
DEPDIR='.deps'
ECHO_C=''
ECHO_N='-n'
ECHO_T=''
EGREP='/bin/grep -E'
EXEEXT=''
GREP='/bin/grep'
INSTALL_DATA='${INSTALL} -m 644'
INSTALL_PROGRAM='${INSTALL}'
INSTALL_SCRIPT='${INSTALL}'
INSTALL_STRIP_PROGRAM='$(install_sh) -c -s'
LDFLAGS=''
LIBOBJS=''
LIBS='-lsqlite3 -lm -lgslcblas '
LTLIBOBJS=''
MAKEINFO='${SHELL} /home/jbassett/bvd_agent_based_model_develop/missing makeinfo'
MKDIR_P='/bin/mkdir -p'
OBJEXT='o'
PACKAGE='full-package-name'
PACKAGE_BUGREPORT='BUG-REPORT-ADDRESS'
PACKAGE_NAME='FULL-PACKAGE-NAME'
PACKAGE_STRING='FULL-PACKAGE-NAME VERSION'
PACKAGE_TARNAME='full-package-name'
PACKAGE_URL=''
PACKAGE_VERSION='VERSION'
PATH_SEPARATOR=':'
SET_MAKE=''
SHELL='/bin/bash'
STRIP=''
VERSION='VERSION'
ac_ct_CC='gcc'
ac_ct_CXX='g++'
am__EXEEXT_FALSE=''
am__EXEEXT_TRUE='#'
am__fastdepCC_FALSE=''
am__fastdepCC_TRUE='#'
am__fastdepCXX_FALSE=''
am__fastdepCXX_TRUE='#'
am__include='include'
am__isrc=''
am__leading_dot='.'
am__nodep='_no'
am__quote=''
am__tar='$${TAR-tar} chof - "$$tardir"'
am__untar='$${TAR-tar} xf -'
bindir='${exec_prefix}/bin'
build_alias=''
datadir='${datarootdir}'
datarootdir='${prefix}/share'
docdir='${datarootdir}/doc/${PACKAGE_TARNAME}'
dvidir='${docdir}'
exec_prefix='${prefix}'
host_alias=''
htmldir='${docdir}'
includedir='${prefix}/include'
infodir='${datarootdir}/info'
install_sh='${SHELL} /home/jbassett/bvd_agent_based_model_develop/install-sh'
libdir='${exec_prefix}/lib'
libexecdir='${exec_prefix}/libexec'
localedir='${datarootdir}/locale'
localstatedir='${prefix}/var'
mandir='${datarootdir}/man'
mkdir_p='$(MKDIR_P)'
oldincludedir='/usr/include'
pdfdir='${docdir}'
prefix='/usr/local'
program_transform_name='s,x,x,'
psdir='${docdir}'
sbindir='${exec_prefix}/sbin'
sharedstatedir='${prefix}/com'
subdirs=' projectImports/inih'
sysconfdir='${prefix}/etc'
target_alias=''

## ----------- ##
## confdefs.h. ##
## ----------- ##

/* confdefs.h */
#define PACKAGE_NAME "FULL-PACKAGE-NAME"
#define PACKAGE_TARNAME "full-package-name"
#define PACKAGE_VERSION "VERSION"
#define PACKAGE_STRING "FULL-PACKAGE-NAME VERSION"
#define PACKAGE_BUGREPORT "BUG-REPORT-ADDRESS"
#define PACKAGE_URL ""
#define PACKAGE "full-package-name"
#define VERSION "VERSION"
#define HAVE_LIBGSLCBLAS 1
#define HAVE_LIBM 1
#define HAVE_LIBSQLITE3 1
#define STDC_HEADERS 1
#define HAVE_SYS_TYPES_H 1
#define HAVE_SYS_STAT_H 1
#define HAVE_STDLIB_H 1
#define HAVE_STRING_H 1
#define HAVE_MEMORY_H 1
#define HAVE_STRINGS_H 1
#define HAVE_INTTYPES_H 1
#define HAVE_STDINT_H 1
#define HAVE_UNISTD_H 1
#define HAVE_STDLIB_H 1
#define HAVE__BOOL 1
#define HAVE_STDLIB_H 1
#define HAVE_MALLOC 1
#define HAVE_POW 1
#define HAVE_SQRT 1

configure: exit 0
